
> pa-plus@0.1.0 start /usr/share/nginx/html/pa-plus
> PORT=3015 react-scripts start

[34mℹ[39m [90m｢wds｣[39m: Project is running at http://192.168.112.113/
[34mℹ[39m [90m｢wds｣[39m: webpack output is served from 
[34mℹ[39m [90m｢wds｣[39m: Content not from webpack is served from /usr/share/nginx/html/pa-plus/public
[34mℹ[39m [90m｢wds｣[39m: 404s will fallback to /
Starting the development server...

events.js:174
      throw er; // Unhandled 'error' event
      ^

Error: EBADF: bad file descriptor, read
Emitted 'error' event at:
    at lazyFs.read (internal/fs/streams.js:165:12)
    at FSReqWrap.wrapper [as oncomplete] (fs.js:467:17)
npm ERR! code ELIFECYCLE
npm ERR! errno 1
npm ERR! pa-plus@0.1.0 start: `PORT=3015 react-scripts start`
npm ERR! Exit status 1
npm ERR! 
npm ERR! Failed at the pa-plus@0.1.0 start script.
npm ERR! This is probably not a problem with npm. There is likely additional logging output above.

npm ERR! A complete log of this run can be found in:
npm ERR!     /root/.npm/_logs/2021-07-15T15_45_11_060Z-debug.log
INFO: Accepting connections at http://localhost:3015

INFO: Gracefully shutting down. Please wait...
INFO: Accepting connections at http://localhost:3015
INFO: Accepting connections at http://localhost:3015
./run.sh: line 2: 1969908 Hangup                  serve -s build -l 3015
INFO: Accepting connections at http://localhost:3015
./run.sh: line 2: 1970002 Hangup                  serve -s build -l 3015
